<?xml version="1.0" encoding="UTF-8"?>
<!-- Generated by org.testng.reporters.JUnitReportReporter -->
<testsuite skipped="0" hostname="SEW-APAC-619" name="com.sus.api.scm.runner.APIRunner" tests="2" failures="0" timestamp="06 Jul 2021 10:12:47 GMT" time="20.735" errors="0">
  <testcase name="feature" time="14.030" classname="com.sus.api.scm.runner.APIRunner"/>
  <testcase name="feature" time="6.705" classname="com.sus.api.scm.runner.APIRunner"/>
</testsuite> <!-- com.sus.api.scm.runner.APIRunner -->
