<?xml version="1.0" encoding="UTF-8"?>
<!-- Generated by org.testng.reporters.JUnitReportReporter -->
<testsuite hostname="SEW-APAC-627" name="com.sus.api.scm.runner.TestRunner1" tests="1" failures="0" timestamp="12 Aug 2020 08:27:29 GMT" time="8.073" errors="0">
  <testcase name="feature" time="8.073" classname="com.sus.api.scm.runner.TestRunner1"/>
</testsuite> <!-- com.sus.api.scm.runner.TestRunner1 -->
